# JRE version: Java(TM) SE Runtime Environment (8.0_73-b02) (build 1.8.0_73-b02)
# Java VM: Java HotSpot(TM) 64-Bit Server VM (25.73-b02 mixed mode windows-amd64 compressed oops)
Heap:
 PSYoungGen      total 98816K, used 8382K [0x00000000d6780000, 0x00000000e0b80000, 0x0000000100000000)
  eden space 42496K, 19% used [0x00000000d6780000,0x00000000d6fafa28,0x00000000d9100000)
  from space 56320K, 0% used [0x00000000d9100000,0x00000000d9100000,0x00000000dc800000)
  to   space 51200K, 0% used [0x00000000dc800000,0x00000000dc800000,0x00000000dfa00000)
 ParOldGen       total 287232K, used 185809K [0x0000000083600000, 0x0000000094e80000, 0x00000000d6780000)
  object space 287232K, 64% used [0x0000000083600000,0x000000008eb747e8,0x0000000094e80000)
 Metaspace       used 16902K, capacity 17780K, committed 18048K, reserved 1067008K
  class space    used 2444K, capacity 2649K, committed 2688K, reserved 1048576K
GC Heap History (10 events):
Event: 3.297 GC heap before
{Heap before GC invocations=11 (full 2):
 PSYoungGen      total 93696K, used 93676K [0x00000000d6780000, 0x00000000e0b80000, 0x0000000100000000)
  eden space 42496K, 100% used [0x00000000d6780000,0x00000000d9100000,0x00000000d9100000)
  from space 51200K, 99% used [0x00000000dc800000,0x00000000df9fb010,0x00000000dfa00000)
  to   space 56320K, 0% used [0x00000000d9100000,0x00000000d9100000,0x00000000dc800000)
 ParOldGen       total 287232K, used 200998K [0x0000000083600000, 0x0000000094e80000, 0x00000000d6780000)
  object space 287232K, 69% used [0x0000000083600000,0x000000008fa49b30,0x0000000094e80000)
 Metaspace       used 14044K, capacity 14570K, committed 14592K, reserved 1062912K
  class space    used 1875K, capacity 2034K, committed 2048K, reserved 1048576K
Event: 3.345 GC heap after
Heap after GC invocations=11 (full 2):
 PSYoungGen      total 98816K, used 56306K [0x00000000d6780000, 0x00000000e0b80000, 0x0000000100000000)
  eden space 42496K, 0% used [0x00000000d6780000,0x00000000d6780000,0x00000000d9100000)
  from space 56320K, 99% used [0x00000000d9100000,0x00000000dc7fc808,0x00000000dc800000)
  to   space 51200K, 0% used [0x00000000dc800000,0x00000000dc800000,0x00000000dfa00000)
 ParOldGen       total 287232K, used 232662K [0x0000000083600000, 0x0000000094e80000, 0x00000000d6780000)
  object space 287232K, 81% used [0x0000000083600000,0x0000000091935b30,0x0000000094e80000)
 Metaspace       used 14044K, capacity 14570K, committed 14592K, reserved 1062912K
  class space    used 1875K, capacity 2034K, committed 2048K, reserved 1048576K
}
Event: 3.402 GC heap before
{Heap before GC invocations=12 (full 2):
 PSYoungGen      total 98816K, used 98784K [0x00000000d6780000, 0x00000000e0b80000, 0x0000000100000000)
  eden space 42496K, 99% used [0x00000000d6780000,0x00000000d90fb978,0x00000000d9100000)
  from space 56320K, 99% used [0x00000000d9100000,0x00000000dc7fc808,0x00000000dc800000)
  to   space 51200K, 0% used [0x00000000dc800000,0x00000000dc800000,0x00000000dfa00000)
 ParOldGen       total 287232K, used 232662K [0x0000000083600000, 0x0000000094e80000, 0x00000000d6780000)
  object space 287232K, 81% used [0x0000000083600000,0x0000000091935b30,0x0000000094e80000)
 Metaspace       used 14046K, capacity 14570K, committed 14592K, reserved 1062912K
  class space    used 1877K, capacity 2034K, committed 2048K, reserved 1048576K
Event: 3.455 GC heap after
Heap after GC invocations=12 (full 2):
 PSYoungGen      total 93696K, used 51181K [0x00000000d6780000, 0x00000000e0b80000, 0x0000000100000000)
  eden space 42496K, 0% used [0x00000000d6780000,0x00000000d6780000,0x00000000d9100000)
  from space 51200K, 99% used [0x00000000dc800000,0x00000000df9fb620,0x00000000dfa00000)
  to   space 56320K, 0% used [0x00000000d9100000,0x00000000d9100000,0x00000000dc800000)
 ParOldGen       total 287232K, used 278630K [0x0000000083600000, 0x0000000094e80000, 0x00000000d6780000)
  object space 287232K, 97% used [0x0000000083600000,0x0000000094619b30,0x0000000094e80000)
 Metaspace       used 14046K, capacity 14570K, committed 14592K, reserved 1062912K
  class space    used 1877K, capacity 2034K, committed 2048K, reserved 1048576K
}
Event: 3.455 GC heap before
{Heap before GC invocations=13 (full 3):
 PSYoungGen      total 93696K, used 51181K [0x00000000d6780000, 0x00000000e0b80000, 0x0000000100000000)
  eden space 42496K, 0% used [0x00000000d6780000,0x00000000d6780000,0x00000000d9100000)
  from space 51200K, 99% used [0x00000000dc800000,0x00000000df9fb620,0x00000000dfa00000)
  to   space 56320K, 0% used [0x00000000d9100000,0x00000000d9100000,0x00000000dc800000)
 ParOldGen       total 287232K, used 278630K [0x0000000083600000, 0x0000000094e80000, 0x00000000d6780000)
  object space 287232K, 97% used [0x0000000083600000,0x0000000094619b30,0x0000000094e80000)
 Metaspace       used 14046K, capacity 14570K, committed 14592K, reserved 1062912K
  class space    used 1877K, capacity 2034K, committed 2048K, reserved 1048576K
Event: 4.412 GC heap after
Heap after GC invocations=13 (full 3):
 PSYoungGen      total 93696K, used 0K [0x00000000d6780000, 0x00000000e0b80000, 0x0000000100000000)
  eden space 42496K, 0% used [0x00000000d6780000,0x00000000d6780000,0x00000000d9100000)
  from space 51200K, 0% used [0x00000000dc800000,0x00000000dc800000,0x00000000dfa00000)
  to   space 56320K, 0% used [0x00000000d9100000,0x00000000d9100000,0x00000000dc800000)
 ParOldGen       total 287232K, used 178533K [0x0000000083600000, 0x0000000094e80000, 0x00000000d6780000)
  object space 287232K, 62% used [0x0000000083600000,0x000000008e459678,0x0000000094e80000)
 Metaspace       used 14046K, capacity 14570K, committed 14592K, reserved 1062912K
  class space    used 1877K, capacity 2034K, committed 2048K, reserved 1048576K
}
Event: 4.584 GC heap before
{Heap before GC invocations=14 (full 3):
 PSYoungGen      total 93696K, used 24050K [0x00000000d6780000, 0x00000000e0b80000, 0x0000000100000000)
  eden space 42496K, 56% used [0x00000000d6780000,0x00000000d7efcb90,0x00000000d9100000)
  from space 51200K, 0% used [0x00000000dc800000,0x00000000dc800000,0x00000000dfa00000)
  to   space 56320K, 0% used [0x00000000d9100000,0x00000000d9100000,0x00000000dc800000)
 ParOldGen       total 287232K, used 178533K [0x0000000083600000, 0x0000000094e80000, 0x00000000d6780000)
  object space 287232K, 62% used [0x0000000083600000,0x000000008e459678,0x0000000094e80000)
 Metaspace       used 14974K, capacity 15516K, committed 15616K, reserved 1067008K
  class space    used 2054K, capacity 2211K, committed 2304K, reserved 1048576K
Event: 4.594 GC heap after
Heap after GC invocations=14 (full 3):
 PSYoungGen      total 98816K, used 7570K [0x00000000d6780000, 0x00000000e0b80000, 0x0000000100000000)
  eden space 42496K, 0% used [0x00000000d6780000,0x00000000d6780000,0x00000000d9100000)
  from space 56320K, 13% used [0x00000000d9100000,0x00000000d9864808,0x00000000dc800000)
  to   space 51200K, 0% used [0x00000000dc800000,0x00000000dc800000,0x00000000dfa00000)
 ParOldGen       total 287232K, used 178541K [0x0000000083600000, 0x0000000094e80000, 0x00000000d6780000)
  object space 287232K, 62% used [0x0000000083600000,0x000000008e45b678,0x0000000094e80000)
 Metaspace       used 14974K, capacity 15516K, committed 15616K, reserved 1067008K
  class space    used 2054K, capacity 2211K, committed 2304K, reserved 1048576K
}
Event: 4.594 GC heap before
{Heap before GC invocations=15 (full 4):
 PSYoungGen      total 98816K, used 7570K [0x00000000d6780000, 0x00000000e0b80000, 0x0000000100000000)
  eden space 42496K, 0% used [0x00000000d6780000,0x00000000d6780000,0x00000000d9100000)
  from space 56320K, 13% used [0x00000000d9100000,0x00000000d9864808,0x00000000dc800000)
  to   space 51200K, 0% used [0x00000000dc800000,0x00000000dc800000,0x00000000dfa00000)
 ParOldGen       total 287232K, used 178541K [0x0000000083600000, 0x0000000094e80000, 0x00000000d6780000)
  object space 287232K, 62% used [0x0000000083600000,0x000000008e45b678,0x0000000094e80000)
 Metaspace       used 14974K, capacity 15516K, committed 15616K, reserved 1067008K
  class space    used 2054K, capacity 2211K, committed 2304K, reserved 1048576K
Event: 5.236 GC heap after
Heap after GC invocations=15 (full 4):
 PSYoungGen      total 98816K, used 0K [0x00000000d6780000, 0x00000000e0b80000, 0x0000000100000000)
  eden space 42496K, 0% used [0x00000000d6780000,0x00000000d6780000,0x00000000d9100000)
  from space 56320K, 0% used [0x00000000d9100000,0x00000000d9100000,0x00000000dc800000)
  to   space 51200K, 0% used [0x00000000dc800000,0x00000000dc800000,0x00000000dfa00000)
 ParOldGen       total 287232K, used 185809K [0x0000000083600000, 0x0000000094e80000, 0x00000000d6780000)
  object space 287232K, 64% used [0x0000000083600000,0x000000008eb747e8,0x0000000094e80000)
 Metaspace       used 14974K, capacity 15516K, committed 15616K, reserved 1064960K
  class space    used 2054K, capacity 2211K, committed 2304K, reserved 1048576K
}

